TN:
SF:src\middleware\auth.ts
FN:9,(anonymous_1)
FN:39,(anonymous_2)
FN:47,(anonymous_3)
FNF:3
FNH:3
FNDA:49,(anonymous_1)
FNDA:35,(anonymous_2)
FNDA:29,(anonymous_3)
DA:2,3
DA:3,3
DA:9,3
DA:12,49
DA:13,48
DA:16,49
DA:17,1
DA:20,48
DA:21,48
DA:22,48
DA:24,48
DA:25,0
DA:28,48
DA:29,0
DA:32,48
DA:33,48
DA:35,0
DA:39,3
DA:40,35
DA:41,35
DA:43,0
DA:47,3
DA:48,29
LF:23
LH:19
BRDA:12,0,0,48
BRDA:12,0,1,1
BRDA:12,1,0,49
BRDA:12,1,1,48
BRDA:16,2,0,1
BRDA:16,2,1,48
BRDA:21,3,0,48
BRDA:21,3,1,0
BRDA:24,4,0,0
BRDA:24,4,1,48
BRDA:28,5,0,0
BRDA:28,5,1,48
BRDA:40,6,0,35
BRDA:40,6,1,0
BRDA:40,7,0,35
BRDA:40,7,1,35
BRDA:48,8,0,29
BRDA:48,8,1,0
BRDA:49,9,0,29
BRDA:49,9,1,0
BRF:20
BRH:14
end_of_record
TN:
SF:src\middleware\errorHandler.ts
FN:8,(anonymous_0)
FN:18,(anonymous_1)
FN:47,(anonymous_2)
FN:74,(anonymous_3)
FN:74,(anonymous_4)
FNF:5
FNH:2
FNDA:0,(anonymous_0)
FNDA:0,(anonymous_1)
FNDA:0,(anonymous_2)
FNDA:18,(anonymous_3)
FNDA:12,(anonymous_4)
DA:3,3
DA:9,0
DA:10,0
DA:11,0
DA:12,0
DA:14,0
DA:18,3
DA:24,0
DA:25,0
DA:28,0
DA:29,0
DA:33,0
DA:34,0
DA:35,0
DA:39,0
DA:40,0
DA:41,0
DA:45,0
DA:46,0
DA:47,0
DA:49,0
DA:53,0
DA:54,0
DA:55,0
DA:58,0
DA:59,0
DA:60,0
DA:63,0
DA:64,0
DA:66,0
DA:74,18
DA:79,12
LF:32
LH:4
BRDA:11,0,0,0
BRDA:11,0,1,0
BRDA:28,1,0,0
BRDA:28,1,1,0
BRDA:33,2,0,0
BRDA:33,2,1,0
BRDA:39,3,0,0
BRDA:39,3,1,0
BRDA:45,4,0,0
BRDA:45,4,1,0
BRDA:53,5,0,0
BRDA:53,5,1,0
BRDA:58,6,0,0
BRDA:58,6,1,0
BRDA:63,7,0,0
BRDA:63,7,1,0
BRDA:64,8,0,0
BRDA:64,8,1,0
BRDA:69,9,0,0
BRDA:69,9,1,0
BRDA:70,10,0,0
BRDA:70,10,1,0
BRF:22
BRH:0
end_of_record
TN:
SF:src\middleware\validators.ts
FN:4,(anonymous_0)
FN:7,(anonymous_1)
FN:22,(anonymous_2)
FN:24,(anonymous_3)
FN:37,(anonymous_4)
FN:38,(anonymous_5)
FNF:6
FNH:0
FNDA:0,(anonymous_0)
FNDA:0,(anonymous_1)
FNDA:0,(anonymous_2)
FNDA:0,(anonymous_3)
FNDA:0,(anonymous_4)
FNDA:0,(anonymous_5)
DA:4,0
DA:5,0
DA:7,0
DA:8,0
DA:9,0
DA:11,0
DA:12,0
DA:14,0
DA:18,0
DA:22,0
DA:23,0
DA:24,0
DA:25,0
DA:27,0
DA:31,0
DA:35,0
DA:37,0
DA:38,0
DA:39,0
DA:40,0
DA:42,0
DA:44,0
DA:45,0
DA:46,0
DA:47,0
DA:50,0
DA:51,0
DA:55,0
DA:58,0
DA:59,0
LF:30
LH:0
BRDA:11,0,0,0
BRDA:11,0,1,0
BRDA:23,1,0,0
BRDA:23,1,1,0
BRDA:25,2,0,0
BRDA:25,2,1,0
BRDA:37,3,0,0
BRDA:37,4,0,0
BRDA:39,5,0,0
BRDA:39,5,1,0
BRDA:39,5,2,0
BRDA:44,6,0,0
BRDA:44,6,1,0
BRDA:44,7,0,0
BRDA:44,7,1,0
BRDA:50,8,0,0
BRDA:50,8,1,0
BRF:17
BRH:0
end_of_record
TN:
SF:src\models\Animal.ts
FNF:0
FNH:0
DA:1,2
DA:32,2
DA:98,2
LF:3
LH:3
BRF:0
BRH:0
end_of_record
TN:
SF:src\models\BreedingRecord.ts
FN:109,(anonymous_9)
FN:118,(anonymous_10)
FNF:2
FNH:1
FNDA:4,(anonymous_9)
FNDA:0,(anonymous_10)
DA:1,2
DA:25,2
DA:104,2
DA:105,2
DA:106,2
DA:109,2
DA:110,4
DA:111,0
DA:113,4
DA:118,2
DA:119,0
DA:120,0
DA:121,0
DA:122,0
DA:123,0
DA:124,0
DA:126,0
DA:129,2
LF:18
LH:10
BRDA:110,0,0,0
BRDA:110,0,1,4
BRDA:119,1,0,0
BRDA:119,1,1,0
BRDA:122,2,0,0
BRDA:122,2,1,0
BRF:6
BRH:1
end_of_record
TN:
SF:src\models\CalendarEvent.ts
FNF:0
FNH:0
DA:1,0
DA:15,0
DA:50,0
LF:3
LH:0
BRF:0
BRH:0
end_of_record
TN:
SF:src\models\Crop.ts
FNF:0
FNH:0
DA:1,0
DA:33,0
DA:103,0
LF:3
LH:0
BRF:0
BRH:0
end_of_record
TN:
SF:src\models\CropTask.ts
FN:103,(anonymous_9)
FN:111,(anonymous_10)
FNF:2
FNH:0
FNDA:0,(anonymous_9)
FNDA:0,(anonymous_10)
DA:1,0
DA:22,0
DA:98,0
DA:99,0
DA:100,0
DA:103,0
DA:104,0
DA:105,0
DA:107,0
DA:111,0
DA:112,0
DA:113,0
DA:115,0
DA:118,0
LF:14
LH:0
BRDA:104,0,0,0
BRDA:104,0,1,0
BRDA:104,1,0,0
BRDA:104,1,1,0
BRDA:112,2,0,0
BRDA:112,2,1,0
BRDA:112,3,0,0
BRDA:112,3,1,0
BRDA:112,3,2,0
BRF:9
BRH:0
end_of_record
TN:
SF:src\models\FeedingSchedule.ts
FN:51,(anonymous_9)
FN:89,(anonymous_10)
FNF:2
FNH:1
FNDA:2,(anonymous_9)
FNDA:0,(anonymous_10)
DA:1,2
DA:19,2
DA:52,2
DA:85,2
DA:86,2
DA:89,2
DA:90,0
DA:91,0
DA:92,0
DA:94,0
DA:97,2
LF:11
LH:7
BRDA:90,0,0,0
BRDA:90,0,1,0
BRF:2
BRH:0
end_of_record
TN:
SF:src\models\FinancialRecord.ts
FNF:0
FNH:0
DA:1,0
DA:20,0
DA:71,0
DA:72,0
DA:74,0
LF:5
LH:0
BRF:0
BRH:0
end_of_record
TN:
SF:src\models\InventoryItem.ts
FN:86,(anonymous_9)
FNF:1
FNH:0
FNDA:0,(anonymous_9)
DA:1,0
DA:25,0
DA:86,0
DA:87,0
DA:88,0
DA:90,0
DA:93,0
LF:7
LH:0
BRDA:87,0,0,0
BRDA:87,0,1,0
BRDA:87,1,0,0
BRDA:87,1,1,0
BRF:4
BRH:0
end_of_record
TN:
SF:src\models\LeaveRequest.ts
FNF:0
FNH:0
DA:1,0
DA:17,0
DA:59,0
LF:3
LH:0
BRF:0
BRH:0
end_of_record
TN:
SF:src\models\Task.ts
FNF:0
FNH:0
DA:1,0
DA:24,0
DA:84,0
LF:3
LH:0
BRF:0
BRH:0
end_of_record
TN:
SF:src\models\User.ts
FN:23,(anonymous_10)
FN:31,(anonymous_11)
FN:75,(anonymous_12)
FN:88,(anonymous_13)
FNF:4
FNH:4
FNDA:30,(anonymous_10)
FNDA:30,(anonymous_11)
FNDA:29,(anonymous_12)
FNDA:2,(anonymous_13)
DA:1,3
DA:2,3
DA:20,3
DA:23,30
DA:31,30
DA:75,3
DA:76,29
DA:78,28
DA:79,28
DA:80,28
DA:81,28
DA:83,0
DA:88,3
DA:89,2
DA:92,3
LF:15
LH:14
BRDA:76,0,0,1
BRDA:76,0,1,28
BRF:2
BRH:2
end_of_record
TN:
SF:src\routes\animals.ts
FN:13,(anonymous_1)
FN:43,(anonymous_2)
FN:64,(anonymous_3)
FN:84,(anonymous_4)
FN:110,(anonymous_5)
FN:141,(anonymous_6)
FN:174,(anonymous_7)
FN:197,(anonymous_8)
FN:232,(anonymous_9)
FN:267,(anonymous_10)
FN:290,(anonymous_11)
FN:337,(anonymous_12)
FN:364,(anonymous_13)
FN:397,(anonymous_14)
FN:416,(anonymous_15)
FN:452,(anonymous_16)
FN:476,(anonymous_17)
FNF:17
FNH:10
FNDA:3,(anonymous_1)
FNDA:3,(anonymous_2)
FNDA:27,(anonymous_3)
FNDA:2,(anonymous_4)
FNDA:0,(anonymous_5)
FNDA:0,(anonymous_6)
FNDA:1,(anonymous_7)
FNDA:0,(anonymous_8)
FNDA:3,(anonymous_9)
FNDA:1,(anonymous_10)
FNDA:5,(anonymous_11)
FNDA:2,(anonymous_12)
FNDA:0,(anonymous_13)
FNDA:0,(anonymous_14)
FNDA:0,(anonymous_15)
FNDA:0,(anonymous_16)
FNDA:1,(anonymous_17)
DA:1,2
DA:2,2
DA:3,2
DA:4,2
DA:5,2
DA:6,2
DA:8,2
DA:13,2
DA:14,3
DA:15,3
DA:18,3
DA:19,1
DA:23,3
DA:24,1
DA:27,3
DA:29,3
DA:35,0
DA:36,0
DA:43,2
DA:44,3
DA:45,3
DA:47,3
DA:48,2
DA:51,1
DA:56,0
DA:57,0
DA:64,2
DA:65,27
DA:66,27
DA:68,26
DA:73,1
DA:74,1
DA:75,1
DA:77,0
DA:84,2
DA:85,2
DA:86,2
DA:88,2
DA:89,1
DA:93,1
DA:95,1
DA:97,1
DA:102,0
DA:103,0
DA:110,2
DA:111,0
DA:112,0
DA:114,0
DA:115,0
DA:118,0
DA:120,0
DA:126,0
DA:128,0
DA:133,0
DA:134,0
DA:141,2
DA:142,0
DA:143,0
DA:145,0
DA:146,0
DA:149,0
DA:151,0
DA:159,0
DA:161,0
DA:166,0
DA:167,0
DA:174,2
DA:175,1
DA:176,1
DA:178,1
DA:179,0
DA:182,1
DA:184,1
DA:189,0
DA:190,0
DA:197,2
DA:198,0
DA:199,0
DA:200,0
DA:201,0
DA:202,0
DA:204,0
DA:213,0
DA:224,0
DA:225,0
DA:232,2
DA:233,3
DA:235,3
DA:236,1
DA:237,1
DA:240,2
DA:243,2
DA:257,2
DA:267,2
DA:268,1
DA:270,1
DA:271,0
DA:272,0
DA:276,1
DA:280,1
DA:290,2
DA:291,5
DA:293,5
DA:294,5
DA:296,5
DA:297,0
DA:298,0
DA:301,5
DA:302,0
DA:303,0
DA:306,5
DA:307,1
DA:308,1
DA:312,4
DA:324,4
DA:325,4
DA:327,4
DA:337,2
DA:338,2
DA:340,2
DA:341,0
DA:342,0
DA:346,2
DA:354,2
DA:364,2
DA:365,0
DA:367,0
DA:368,0
DA:369,0
DA:372,0
DA:375,0
DA:376,0
DA:377,0
DA:378,0
DA:379,0
DA:381,0
DA:384,0
DA:385,0
DA:387,0
DA:397,2
DA:398,0
DA:400,0
DA:401,0
DA:402,0
DA:405,0
DA:407,0
DA:416,2
DA:417,0
DA:419,0
DA:420,0
DA:421,0
DA:424,0
DA:425,0
DA:426,0
DA:429,0
DA:431,0
DA:432,0
DA:433,0
DA:434,0
DA:435,0
DA:436,0
DA:437,0
DA:438,0
DA:440,0
DA:442,0
DA:452,2
DA:453,0
DA:455,0
DA:456,0
DA:457,0
DA:460,0
DA:461,0
DA:462,0
DA:465,0
DA:467,0
DA:476,2
DA:477,1
DA:485,1
DA:492,2
LF:179
LH:85
BRDA:18,0,0,1
BRDA:18,0,1,2
BRDA:23,1,0,1
BRDA:23,1,1,2
BRDA:47,2,0,2
BRDA:47,2,1,1
BRDA:74,3,0,1
BRDA:74,3,1,0
BRDA:88,4,0,1
BRDA:88,4,1,1
BRDA:114,5,0,0
BRDA:114,5,1,0
BRDA:123,6,0,0
BRDA:123,6,1,0
BRDA:145,7,0,0
BRDA:145,7,1,0
BRDA:178,8,0,0
BRDA:178,8,1,1
BRDA:235,9,0,1
BRDA:235,9,1,2
BRDA:249,10,0,2
BRDA:249,10,1,0
BRDA:252,11,0,2
BRDA:252,11,1,2
BRDA:270,12,0,0
BRDA:270,12,1,1
BRDA:296,13,0,0
BRDA:296,13,1,5
BRDA:296,14,0,5
BRDA:296,14,1,5
BRDA:301,15,0,0
BRDA:301,15,1,5
BRDA:306,16,0,1
BRDA:306,16,1,4
BRDA:315,17,0,4
BRDA:315,17,1,0
BRDA:316,18,0,4
BRDA:316,18,1,0
BRDA:340,19,0,0
BRDA:340,19,1,2
BRDA:367,20,0,0
BRDA:367,20,1,0
BRDA:375,21,0,0
BRDA:375,21,1,0
BRDA:376,22,0,0
BRDA:376,22,1,0
BRDA:377,23,0,0
BRDA:377,23,1,0
BRDA:378,24,0,0
BRDA:378,24,1,0
BRDA:379,25,0,0
BRDA:379,25,1,0
BRDA:400,26,0,0
BRDA:400,26,1,0
BRDA:419,27,0,0
BRDA:419,27,1,0
BRDA:424,28,0,0
BRDA:424,28,1,0
BRDA:431,29,0,0
BRDA:431,29,1,0
BRDA:432,30,0,0
BRDA:432,30,1,0
BRDA:433,31,0,0
BRDA:433,31,1,0
BRDA:434,32,0,0
BRDA:434,32,1,0
BRDA:435,33,0,0
BRDA:435,33,1,0
BRDA:436,34,0,0
BRDA:436,34,1,0
BRDA:437,35,0,0
BRDA:437,35,1,0
BRDA:438,36,0,0
BRDA:438,36,1,0
BRDA:455,37,0,0
BRDA:455,37,1,0
BRDA:460,38,0,0
BRDA:460,38,1,0
BRF:78
BRH:25
end_of_record
TN:
SF:src\routes\auth.ts
FN:10,(anonymous_1)
FN:51,(anonymous_2)
FN:99,(anonymous_3)
FN:147,(anonymous_4)
FN:172,(anonymous_5)
FNF:5
FNH:3
FNDA:30,(anonymous_1)
FNDA:4,(anonymous_2)
FNDA:0,(anonymous_3)
FNDA:0,(anonymous_4)
FNDA:3,(anonymous_5)
DA:1,3
DA:2,3
DA:3,3
DA:5,3
DA:10,3
DA:11,30
DA:12,30
DA:15,30
DA:16,30
DA:17,1
DA:21,29
DA:30,28
DA:32,28
DA:43,1
DA:44,1
DA:51,3
DA:52,4
DA:53,4
DA:55,4
DA:56,1
DA:60,3
DA:62,3
DA:63,1
DA:67,2
DA:68,2
DA:69,1
DA:73,1
DA:74,1
DA:77,1
DA:79,1
DA:91,0
DA:92,0
DA:99,3
DA:100,0
DA:101,0
DA:103,0
DA:104,0
DA:108,0
DA:110,0
DA:111,0
DA:115,0
DA:116,0
DA:117,0
DA:121,0
DA:122,0
DA:125,0
DA:127,0
DA:139,0
DA:140,0
DA:147,3
DA:148,0
DA:149,0
DA:151,0
DA:153,0
DA:154,0
DA:159,0
DA:164,0
DA:165,0
DA:172,3
DA:173,3
DA:174,3
DA:176,3
DA:177,1
DA:180,2
DA:181,1
DA:183,1
DA:184,0
DA:187,1
DA:200,1
DA:202,1
DA:203,1
DA:205,0
DA:209,3
LF:73
LH:45
BRDA:16,0,0,1
BRDA:16,0,1,29
BRDA:25,1,0,29
BRDA:25,1,1,1
BRDA:55,2,0,1
BRDA:55,2,1,3
BRDA:55,3,0,4
BRDA:55,3,1,3
BRDA:62,4,0,1
BRDA:62,4,1,2
BRDA:68,5,0,1
BRDA:68,5,1,1
BRDA:103,6,0,0
BRDA:103,6,1,0
BRDA:103,7,0,0
BRDA:103,7,1,0
BRDA:110,8,0,0
BRDA:110,8,1,0
BRDA:116,9,0,0
BRDA:116,9,1,0
BRDA:153,10,0,0
BRDA:153,10,1,0
BRDA:176,11,0,1
BRDA:176,11,1,2
BRDA:180,12,0,2
BRDA:180,12,1,0
BRDA:183,13,0,0
BRDA:183,13,1,1
BRDA:202,14,0,1
BRDA:202,14,1,0
BRDA:202,15,0,1
BRDA:202,15,1,0
BRF:32
BRH:18
end_of_record
TN:
SF:src\routes\calendar.ts
FN:10,(anonymous_1)
FN:46,(anonymous_2)
FN:69,(anonymous_3)
FN:107,(anonymous_4)
FN:151,(anonymous_5)
FN:174,(anonymous_6)
FNF:6
FNH:0
FNDA:0,(anonymous_1)
FNDA:0,(anonymous_2)
FNDA:0,(anonymous_3)
FNDA:0,(anonymous_4)
FNDA:0,(anonymous_5)
FNDA:0,(anonymous_6)
DA:1,0
DA:2,0
DA:3,0
DA:5,0
DA:10,0
DA:11,0
DA:12,0
DA:15,0
DA:16,0
DA:23,0
DA:24,0
DA:27,0
DA:32,0
DA:38,0
DA:39,0
DA:46,0
DA:47,0
DA:48,0
DA:52,0
DA:53,0
DA:56,0
DA:61,0
DA:62,0
DA:69,0
DA:70,0
DA:78,0
DA:80,0
DA:90,0
DA:94,0
DA:99,0
DA:100,0
DA:107,0
DA:108,0
DA:109,0
DA:111,0
DA:112,0
DA:122,0
DA:125,0
DA:126,0
DA:127,0
DA:128,0
DA:129,0
DA:130,0
DA:132,0
DA:134,0
DA:138,0
DA:143,0
DA:144,0
DA:151,0
DA:152,0
DA:153,0
DA:155,0
DA:156,0
DA:159,0
DA:161,0
DA:166,0
DA:167,0
DA:174,0
DA:175,0
DA:177,0
DA:178,0
DA:181,0
DA:188,0
DA:194,0
DA:195,0
DA:199,0
LF:66
LH:0
BRDA:15,0,0,0
BRDA:15,0,1,0
BRDA:15,1,0,0
BRDA:15,1,1,0
BRDA:23,2,0,0
BRDA:23,2,1,0
BRDA:52,3,0,0
BRDA:52,3,1,0
BRDA:111,4,0,0
BRDA:111,4,1,0
BRDA:125,5,0,0
BRDA:125,5,1,0
BRDA:126,6,0,0
BRDA:126,6,1,0
BRDA:127,7,0,0
BRDA:127,7,1,0
BRDA:128,8,0,0
BRDA:128,8,1,0
BRDA:129,9,0,0
BRDA:129,9,1,0
BRDA:130,10,0,0
BRDA:130,10,1,0
BRDA:155,11,0,0
BRDA:155,11,1,0
BRDA:177,12,0,0
BRDA:177,12,1,0
BRDA:177,13,0,0
BRDA:177,13,1,0
BRF:28
BRH:0
end_of_record
TN:
SF:src\routes\crops.ts
FN:12,(anonymous_1)
FN:44,(anonymous_2)
FN:66,(anonymous_3)
FN:83,(anonymous_4)
FN:112,(anonymous_5)
FN:148,(anonymous_6)
FN:180,(anonymous_7)
FN:222,(anonymous_8)
FN:245,(anonymous_9)
FN:288,(anonymous_10)
FN:328,(anonymous_11)
FN:353,(anonymous_12)
FN:381,(anonymous_13)
FN:410,(anonymous_14)
FN:429,(anonymous_15)
FNF:15
FNH:0
FNDA:0,(anonymous_1)
FNDA:0,(anonymous_2)
FNDA:0,(anonymous_3)
FNDA:0,(anonymous_4)
FNDA:0,(anonymous_5)
FNDA:0,(anonymous_6)
FNDA:0,(anonymous_7)
FNDA:0,(anonymous_8)
FNDA:0,(anonymous_9)
FNDA:0,(anonymous_10)
FNDA:0,(anonymous_11)
FNDA:0,(anonymous_12)
FNDA:0,(anonymous_13)
FNDA:0,(anonymous_14)
FNDA:0,(anonymous_15)
DA:1,0
DA:2,0
DA:3,0
DA:4,0
DA:5,0
DA:7,0
DA:12,0
DA:13,0
DA:14,0
DA:17,0
DA:18,0
DA:22,0
DA:23,0
DA:26,0
DA:30,0
DA:36,0
DA:37,0
DA:44,0
DA:45,0
DA:46,0
DA:49,0
DA:50,0
DA:53,0
DA:58,0
DA:59,0
DA:66,0
DA:67,0
DA:68,0
DA:70,0
DA:75,0
DA:76,0
DA:83,0
DA:84,0
DA:85,0
DA:87,0
DA:88,0
DA:92,0
DA:94,0
DA:96,0
DA:99,0
DA:104,0
DA:105,0
DA:112,0
DA:113,0
DA:114,0
DA:116,0
DA:117,0
DA:120,0
DA:122,0
DA:130,0
DA:132,0
DA:135,0
DA:140,0
DA:141,0
DA:148,0
DA:149,0
DA:150,0
DA:152,0
DA:153,0
DA:156,0
DA:158,0
DA:165,0
DA:167,0
DA:172,0
DA:173,0
DA:180,0
DA:181,0
DA:182,0
DA:184,0
DA:185,0
DA:188,0
DA:190,0
DA:191,0
DA:192,0
DA:193,0
DA:194,0
DA:197,0
DA:204,0
DA:206,0
DA:209,0
DA:214,0
DA:215,0
DA:222,0
DA:223,0
DA:224,0
DA:226,0
DA:227,0
DA:230,0
DA:232,0
DA:237,0
DA:238,0
DA:245,0
DA:246,0
DA:247,0
DA:248,0
DA:249,0
DA:251,0
DA:260,0
DA:269,0
DA:280,0
DA:281,0
DA:288,0
DA:289,0
DA:291,0
DA:292,0
DA:293,0
DA:296,0
DA:299,0
DA:315,0
DA:316,0
DA:318,0
DA:328,0
DA:329,0
DA:331,0
DA:332,0
DA:333,0
DA:337,0
DA:343,0
DA:353,0
DA:354,0
DA:355,0
DA:356,0
DA:357,0
DA:358,0
DA:359,0
DA:362,0
DA:371,0
DA:381,0
DA:382,0
DA:384,0
DA:385,0
DA:386,0
DA:389,0
DA:391,0
DA:392,0
DA:393,0
DA:394,0
DA:396,0
DA:397,0
DA:398,0
DA:400,0
DA:410,0
DA:411,0
DA:413,0
DA:414,0
DA:415,0
DA:418,0
DA:420,0
DA:429,0
DA:430,0
DA:432,0
DA:433,0
DA:434,0
DA:437,0
DA:438,0
DA:439,0
DA:440,0
DA:443,0
DA:444,0
DA:446,0
DA:453,0
LF:161
LH:0
BRDA:17,0,0,0
BRDA:17,0,1,0
BRDA:22,1,0,0
BRDA:22,1,1,0
BRDA:49,2,0,0
BRDA:49,2,1,0
BRDA:87,3,0,0
BRDA:87,3,1,0
BRDA:116,4,0,0
BRDA:116,4,1,0
BRDA:152,5,0,0
BRDA:152,5,1,0
BRDA:184,6,0,0
BRDA:184,6,1,0
BRDA:191,7,0,0
BRDA:191,7,1,0
BRDA:192,8,0,0
BRDA:192,8,1,0
BRDA:193,9,0,0
BRDA:193,9,1,0
BRDA:194,10,0,0
BRDA:194,10,1,0
BRDA:200,11,0,0
BRDA:200,11,1,0
BRDA:200,12,0,0
BRDA:200,12,1,0
BRDA:226,13,0,0
BRDA:226,13,1,0
BRDA:291,14,0,0
BRDA:291,14,1,0
BRDA:301,15,0,0
BRDA:301,15,1,0
BRDA:304,16,0,0
BRDA:304,16,1,0
BRDA:306,17,0,0
BRDA:306,17,1,0
BRDA:331,18,0,0
BRDA:331,18,1,0
BRDA:354,19,0,0
BRDA:354,19,1,0
BRDA:384,20,0,0
BRDA:384,20,1,0
BRDA:391,21,0,0
BRDA:391,21,1,0
BRDA:392,22,0,0
BRDA:392,22,1,0
BRDA:393,23,0,0
BRDA:393,23,1,0
BRDA:394,24,0,0
BRDA:394,24,1,0
BRDA:413,25,0,0
BRDA:413,25,1,0
BRDA:432,26,0,0
BRDA:432,26,1,0
BRDA:439,27,0,0
BRDA:439,27,1,0
BRF:56
BRH:0
end_of_record
TN:
SF:src\routes\farms.ts
FN:10,(anonymous_0)
FN:13,(anonymous_1)
FN:24,(anonymous_2)
FN:64,(anonymous_3)
FN:69,(anonymous_4)
FN:91,(anonymous_5)
FN:96,(anonymous_6)
FN:125,(anonymous_7)
FN:130,(anonymous_8)
FNF:9
FNH:0
FNDA:0,(anonymous_0)
FNDA:0,(anonymous_1)
FNDA:0,(anonymous_2)
FNDA:0,(anonymous_3)
FNDA:0,(anonymous_4)
FNDA:0,(anonymous_5)
FNDA:0,(anonymous_6)
FNDA:0,(anonymous_7)
FNDA:0,(anonymous_8)
DA:1,0
DA:2,0
DA:4,0
DA:7,0
DA:10,0
DA:11,0
DA:12,0
DA:13,0
DA:14,0
DA:19,0
DA:24,0
DA:25,0
DA:26,0
DA:27,0
DA:29,0
DA:30,0
DA:36,0
DA:51,0
DA:53,0
DA:59,0
DA:64,0
DA:65,0
DA:66,0
DA:67,0
DA:69,0
DA:70,0
DA:74,0
DA:75,0
DA:81,0
DA:86,0
DA:91,0
DA:92,0
DA:93,0
DA:94,0
DA:96,0
DA:97,0
DA:101,0
DA:102,0
DA:108,0
DA:114,0
DA:120,0
DA:125,0
DA:126,0
DA:127,0
DA:128,0
DA:130,0
DA:131,0
DA:134,0
DA:135,0
DA:141,0
DA:143,0
DA:148,0
DA:152,0
LF:53
LH:0
BRDA:13,0,0,0
BRDA:13,0,1,0
BRDA:29,1,0,0
BRDA:29,1,1,0
BRDA:40,2,0,0
BRDA:40,2,1,0
BRDA:41,3,0,0
BRDA:41,3,1,0
BRDA:42,4,0,0
BRDA:42,4,1,0
BRDA:43,5,0,0
BRDA:43,5,1,0
BRDA:44,6,0,0
BRDA:44,6,1,0
BRDA:70,7,0,0
BRDA:70,7,1,0
BRDA:70,7,2,0
BRDA:70,7,3,0
BRDA:74,8,0,0
BRDA:74,8,1,0
BRDA:97,9,0,0
BRDA:97,9,1,0
BRDA:97,9,2,0
BRDA:97,9,3,0
BRDA:101,10,0,0
BRDA:101,10,1,0
BRDA:131,11,0,0
BRDA:131,11,1,0
BRDA:131,11,2,0
BRDA:134,12,0,0
BRDA:134,12,1,0
BRF:31
BRH:0
end_of_record
TN:
SF:src\routes\financial.ts
FN:10,(anonymous_1)
FN:50,(anonymous_2)
FN:72,(anonymous_3)
FN:97,(anonymous_4)
FN:127,(anonymous_5)
FN:150,(anonymous_6)
FN:255,(anonymous_7)
FNF:7
FNH:0
FNDA:0,(anonymous_1)
FNDA:0,(anonymous_2)
FNDA:0,(anonymous_3)
FNDA:0,(anonymous_4)
FNDA:0,(anonymous_5)
FNDA:0,(anonymous_6)
FNDA:0,(anonymous_7)
DA:1,0
DA:2,0
DA:3,0
DA:5,0
DA:10,0
DA:11,0
DA:12,0
DA:15,0
DA:16,0
DA:20,0
DA:21,0
DA:25,0
DA:26,0
DA:32,0
DA:36,0
DA:42,0
DA:43,0
DA:50,0
DA:51,0
DA:52,0
DA:55,0
DA:56,0
DA:59,0
DA:64,0
DA:65,0
DA:72,0
DA:73,0
DA:74,0
DA:79,0
DA:81,0
DA:84,0
DA:89,0
DA:90,0
DA:97,0
DA:98,0
DA:99,0
DA:101,0
DA:102,0
DA:106,0
DA:107,0
DA:109,0
DA:111,0
DA:114,0
DA:119,0
DA:120,0
DA:127,0
DA:128,0
DA:129,0
DA:131,0
DA:132,0
DA:135,0
DA:137,0
DA:142,0
DA:143,0
DA:150,0
DA:151,0
DA:153,0
DA:157,0
DA:162,0
DA:178,0
DA:194,0
DA:211,0
DA:227,0
DA:228,0
DA:229,0
DA:231,0
DA:247,0
DA:248,0
DA:255,0
DA:256,0
DA:257,0
DA:258,0
DA:260,0
DA:281,0
DA:286,0
DA:287,0
DA:291,0
LF:77
LH:0
BRDA:15,0,0,0
BRDA:15,0,1,0
BRDA:20,1,0,0
BRDA:20,1,1,0
BRDA:25,2,0,0
BRDA:25,2,1,0
BRDA:25,3,0,0
BRDA:25,3,1,0
BRDA:55,4,0,0
BRDA:55,4,1,0
BRDA:101,5,0,0
BRDA:101,5,1,0
BRDA:131,6,0,0
BRDA:131,6,1,0
BRDA:153,7,0,0
BRDA:153,7,1,0
BRDA:157,8,0,0
BRDA:157,8,1,0
BRDA:227,9,0,0
BRDA:227,9,1,0
BRDA:228,10,0,0
BRDA:228,10,1,0
BRDA:237,11,0,0
BRDA:237,11,1,0
BRF:24
BRH:0
end_of_record
TN:
SF:src\routes\inventory.ts
FN:10,(anonymous_1)
FN:42,(anonymous_2)
FN:64,(anonymous_3)
FN:81,(anonymous_4)
FN:107,(anonymous_5)
FN:158,(anonymous_6)
FN:181,(anonymous_7)
FN:201,(anonymous_8)
FNF:8
FNH:0
FNDA:0,(anonymous_1)
FNDA:0,(anonymous_2)
FNDA:0,(anonymous_3)
FNDA:0,(anonymous_4)
FNDA:0,(anonymous_5)
FNDA:0,(anonymous_6)
FNDA:0,(anonymous_7)
FNDA:0,(anonymous_8)
DA:1,0
DA:2,0
DA:3,0
DA:5,0
DA:10,0
DA:11,0
DA:12,0
DA:15,0
DA:16,0
DA:20,0
DA:21,0
DA:24,0
DA:28,0
DA:34,0
DA:35,0
DA:42,0
DA:43,0
DA:44,0
DA:47,0
DA:48,0
DA:51,0
DA:56,0
DA:57,0
DA:64,0
DA:65,0
DA:66,0
DA:68,0
DA:73,0
DA:74,0
DA:81,0
DA:82,0
DA:83,0
DA:85,0
DA:86,0
DA:90,0
DA:92,0
DA:94,0
DA:99,0
DA:100,0
DA:107,0
DA:108,0
DA:109,0
DA:111,0
DA:112,0
DA:115,0
DA:117,0
DA:118,0
DA:122,0
DA:131,0
DA:132,0
DA:133,0
DA:134,0
DA:135,0
DA:136,0
DA:140,0
DA:142,0
DA:145,0
DA:150,0
DA:151,0
DA:158,0
DA:159,0
DA:160,0
DA:162,0
DA:163,0
DA:166,0
DA:168,0
DA:173,0
DA:174,0
DA:181,0
DA:182,0
DA:183,0
DA:187,0
DA:193,0
DA:194,0
DA:201,0
DA:202,0
DA:203,0
DA:204,0
DA:208,0
DA:218,0
DA:227,0
DA:237,0
DA:238,0
DA:242,0
LF:84
LH:0
BRDA:15,0,0,0
BRDA:15,0,1,0
BRDA:20,1,0,0
BRDA:20,1,1,0
BRDA:47,2,0,0
BRDA:47,2,1,0
BRDA:85,3,0,0
BRDA:85,3,1,0
BRDA:111,4,0,0
BRDA:111,4,1,0
BRDA:117,5,0,0
BRDA:117,5,1,0
BRDA:117,6,0,0
BRDA:117,6,1,0
BRDA:123,7,0,0
BRDA:123,7,1,0
BRDA:131,8,0,0
BRDA:131,8,1,0
BRDA:131,9,0,0
BRDA:131,9,1,0
BRDA:133,10,0,0
BRDA:133,10,1,0
BRDA:133,11,0,0
BRDA:133,11,1,0
BRDA:135,12,0,0
BRDA:135,12,1,0
BRDA:162,13,0,0
BRDA:162,13,1,0
BRDA:232,14,0,0
BRDA:232,14,1,0
BRF:30
BRH:0
end_of_record
TN:
SF:src\routes\leaves.ts
FN:10,(anonymous_1)
FN:43,(anonymous_2)
FN:71,(anonymous_3)
FN:113,(anonymous_4)
FN:166,(anonymous_5)
FN:204,(anonymous_6)
FNF:6
FNH:0
FNDA:0,(anonymous_1)
FNDA:0,(anonymous_2)
FNDA:0,(anonymous_3)
FNDA:0,(anonymous_4)
FNDA:0,(anonymous_5)
FNDA:0,(anonymous_6)
DA:1,0
DA:2,0
DA:3,0
DA:5,0
DA:10,0
DA:11,0
DA:12,0
DA:15,0
DA:16,0
DA:20,0
DA:21,0
DA:24,0
DA:29,0
DA:35,0
DA:36,0
DA:43,0
DA:44,0
DA:45,0
DA:49,0
DA:50,0
DA:54,0
DA:55,0
DA:58,0
DA:63,0
DA:64,0
DA:71,0
DA:72,0
DA:78,0
DA:81,0
DA:82,0
DA:84,0
DA:85,0
DA:88,0
DA:97,0
DA:100,0
DA:105,0
DA:106,0
DA:113,0
DA:114,0
DA:115,0
DA:117,0
DA:118,0
DA:122,0
DA:123,0
DA:126,0
DA:127,0
DA:135,0
DA:138,0
DA:139,0
DA:140,0
DA:141,0
DA:144,0
DA:145,0
DA:148,0
DA:150,0
DA:153,0
DA:158,0
DA:159,0
DA:166,0
DA:167,0
DA:168,0
DA:170,0
DA:171,0
DA:174,0
DA:176,0
DA:177,0
DA:180,0
DA:181,0
DA:182,0
DA:183,0
DA:185,0
DA:187,0
DA:191,0
DA:196,0
DA:197,0
DA:204,0
DA:205,0
DA:206,0
DA:208,0
DA:209,0
DA:213,0
DA:214,0
DA:215,0
DA:217,0
DA:218,0
DA:222,0
DA:224,0
DA:229,0
DA:230,0
DA:234,0
LF:90
LH:0
BRDA:15,0,0,0
BRDA:15,0,1,0
BRDA:20,1,0,0
BRDA:20,1,1,0
BRDA:49,2,0,0
BRDA:49,2,1,0
BRDA:54,3,0,0
BRDA:54,3,1,0
BRDA:54,4,0,0
BRDA:54,4,1,0
BRDA:84,5,0,0
BRDA:84,5,1,0
BRDA:117,6,0,0
BRDA:117,6,1,0
BRDA:122,7,0,0
BRDA:122,7,1,0
BRDA:126,8,0,0
BRDA:126,8,1,0
BRDA:138,9,0,0
BRDA:138,9,1,0
BRDA:139,10,0,0
BRDA:139,10,1,0
BRDA:140,11,0,0
BRDA:140,11,1,0
BRDA:141,12,0,0
BRDA:141,12,1,0
BRDA:144,13,0,0
BRDA:144,13,1,0
BRDA:170,14,0,0
BRDA:170,14,1,0
BRDA:176,15,0,0
BRDA:176,15,1,0
BRDA:183,16,0,0
BRDA:183,16,1,0
BRDA:208,17,0,0
BRDA:208,17,1,0
BRDA:213,18,0,0
BRDA:213,18,1,0
BRDA:214,19,0,0
BRDA:214,19,1,0
BRDA:217,20,0,0
BRDA:217,20,1,0
BRF:42
BRH:0
end_of_record
TN:
SF:src\routes\tasks.ts
FN:10,(anonymous_1)
FN:48,(anonymous_2)
FN:76,(anonymous_3)
FN:118,(anonymous_4)
FN:179,(anonymous_5)
FN:224,(anonymous_6)
FNF:6
FNH:0
FNDA:0,(anonymous_1)
FNDA:0,(anonymous_2)
FNDA:0,(anonymous_3)
FNDA:0,(anonymous_4)
FNDA:0,(anonymous_5)
FNDA:0,(anonymous_6)
DA:1,0
DA:2,0
DA:3,0
DA:5,0
DA:10,0
DA:11,0
DA:12,0
DA:15,0
DA:16,0
DA:20,0
DA:21,0
DA:25,0
DA:26,0
DA:29,0
DA:34,0
DA:40,0
DA:41,0
DA:48,0
DA:49,0
DA:50,0
DA:54,0
DA:55,0
DA:59,0
DA:60,0
DA:63,0
DA:68,0
DA:69,0
DA:76,0
DA:77,0
DA:87,0
DA:89,0
DA:101,0
DA:105,0
DA:110,0
DA:111,0
DA:118,0
DA:119,0
DA:120,0
DA:122,0
DA:123,0
DA:127,0
DA:128,0
DA:141,0
DA:144,0
DA:145,0
DA:146,0
DA:147,0
DA:148,0
DA:150,0
DA:151,0
DA:154,0
DA:155,0
DA:156,0
DA:157,0
DA:158,0
DA:160,0
DA:162,0
DA:166,0
DA:171,0
DA:172,0
DA:179,0
DA:180,0
DA:181,0
DA:183,0
DA:184,0
DA:188,0
DA:189,0
DA:192,0
DA:193,0
DA:195,0
DA:196,0
DA:198,0
DA:199,0
DA:201,0
DA:202,0
DA:205,0
DA:207,0
DA:211,0
DA:216,0
DA:217,0
DA:224,0
DA:225,0
DA:226,0
DA:228,0
DA:229,0
DA:232,0
DA:234,0
DA:239,0
DA:240,0
DA:244,0
LF:90
LH:0
BRDA:15,0,0,0
BRDA:15,0,1,0
BRDA:20,1,0,0
BRDA:20,1,1,0
BRDA:25,2,0,0
BRDA:25,2,1,0
BRDA:54,3,0,0
BRDA:54,3,1,0
BRDA:59,4,0,0
BRDA:59,4,1,0
BRDA:59,5,0,0
BRDA:59,5,1,0
BRDA:122,6,0,0
BRDA:122,6,1,0
BRDA:127,7,0,0
BRDA:127,7,1,0
BRDA:127,8,0,0
BRDA:127,8,1,0
BRDA:144,9,0,0
BRDA:144,9,1,0
BRDA:145,10,0,0
BRDA:145,10,1,0
BRDA:146,11,0,0
BRDA:146,11,1,0
BRDA:147,12,0,0
BRDA:147,12,1,0
BRDA:150,13,0,0
BRDA:150,13,1,0
BRDA:150,14,0,0
BRDA:150,14,1,0
BRDA:154,15,0,0
BRDA:154,15,1,0
BRDA:155,16,0,0
BRDA:155,16,1,0
BRDA:156,17,0,0
BRDA:156,17,1,0
BRDA:157,18,0,0
BRDA:157,18,1,0
BRDA:158,19,0,0
BRDA:158,19,1,0
BRDA:183,20,0,0
BRDA:183,20,1,0
BRDA:188,21,0,0
BRDA:188,21,1,0
BRDA:188,22,0,0
BRDA:188,22,1,0
BRDA:195,23,0,0
BRDA:195,23,1,0
BRDA:198,24,0,0
BRDA:198,24,1,0
BRDA:201,25,0,0
BRDA:201,25,1,0
BRDA:228,26,0,0
BRDA:228,26,1,0
BRF:54
BRH:0
end_of_record
TN:
SF:src\routes\workers.ts
FN:10,(anonymous_1)
FN:30,(anonymous_2)
FN:52,(anonymous_3)
FN:92,(anonymous_4)
FN:131,(anonymous_5)
FN:162,(anonymous_6)
FNF:6
FNH:0
FNDA:0,(anonymous_1)
FNDA:0,(anonymous_2)
FNDA:0,(anonymous_3)
FNDA:0,(anonymous_4)
FNDA:0,(anonymous_5)
FNDA:0,(anonymous_6)
DA:1,0
DA:2,0
DA:3,0
DA:5,0
DA:10,0
DA:11,0
DA:12,0
DA:16,0
DA:22,0
DA:23,0
DA:30,0
DA:31,0
DA:32,0
DA:35,0
DA:36,0
DA:39,0
DA:44,0
DA:45,0
DA:52,0
DA:53,0
DA:54,0
DA:57,0
DA:58,0
DA:59,0
DA:63,0
DA:72,0
DA:84,0
DA:85,0
DA:92,0
DA:93,0
DA:94,0
DA:96,0
DA:98,0
DA:99,0
DA:103,0
DA:104,0
DA:105,0
DA:106,0
DA:108,0
DA:110,0
DA:123,0
DA:124,0
DA:131,0
DA:132,0
DA:133,0
DA:135,0
DA:136,0
DA:139,0
DA:141,0
DA:142,0
DA:146,0
DA:147,0
DA:149,0
DA:154,0
DA:155,0
DA:162,0
DA:163,0
DA:164,0
DA:166,0
DA:167,0
DA:170,0
DA:172,0
DA:177,0
DA:178,0
DA:182,0
LF:65
LH:0
BRDA:35,0,0,0
BRDA:35,0,1,0
BRDA:58,1,0,0
BRDA:58,1,1,0
BRDA:98,2,0,0
BRDA:98,2,1,0
BRDA:103,3,0,0
BRDA:103,3,1,0
BRDA:104,4,0,0
BRDA:104,4,1,0
BRDA:105,5,0,0
BRDA:105,5,1,0
BRDA:106,6,0,0
BRDA:106,6,1,0
BRDA:135,7,0,0
BRDA:135,7,1,0
BRDA:141,8,0,0
BRDA:141,8,1,0
BRDA:166,9,0,0
BRDA:166,9,1,0
BRF:20
BRH:0
end_of_record
TN:
SF:src\socket\index.ts
FN:11,(anonymous_1)
FN:20,(anonymous_2)
FN:37,(anonymous_3)
FN:48,(anonymous_4)
FN:53,(anonymous_5)
FN:62,(anonymous_6)
FN:67,(anonymous_7)
FN:73,(anonymous_8)
FN:78,(anonymous_9)
FN:83,(anonymous_10)
FN:89,(anonymous_11)
FN:94,(anonymous_12)
FN:100,(anonymous_13)
FN:105,(anonymous_14)
FN:111,(anonymous_15)
FN:116,(anonymous_16)
FN:122,(anonymous_17)
FN:136,(anonymous_18)
FN:143,(anonymous_19)
FN:147,(anonymous_20)
FN:151,(anonymous_21)
FNF:21
FNH:0
FNDA:0,(anonymous_1)
FNDA:0,(anonymous_2)
FNDA:0,(anonymous_3)
FNDA:0,(anonymous_4)
FNDA:0,(anonymous_5)
FNDA:0,(anonymous_6)
FNDA:0,(anonymous_7)
FNDA:0,(anonymous_8)
FNDA:0,(anonymous_9)
FNDA:0,(anonymous_10)
FNDA:0,(anonymous_11)
FNDA:0,(anonymous_12)
FNDA:0,(anonymous_13)
FNDA:0,(anonymous_14)
FNDA:0,(anonymous_15)
FNDA:0,(anonymous_16)
FNDA:0,(anonymous_17)
FNDA:0,(anonymous_18)
FNDA:0,(anonymous_19)
FNDA:0,(anonymous_20)
FNDA:0,(anonymous_21)
DA:1,0
DA:3,0
DA:11,0
DA:12,0
DA:20,0
DA:21,0
DA:23,0
DA:24,0
DA:27,0
DA:28,0
DA:29,0
DA:30,0
DA:31,0
DA:33,0
DA:37,0
DA:38,0
DA:39,0
DA:42,0
DA:45,0
DA:48,0
DA:49,0
DA:53,0
DA:54,0
DA:56,0
DA:57,0
DA:58,0
DA:62,0
DA:63,0
DA:64,0
DA:67,0
DA:68,0
DA:69,0
DA:73,0
DA:74,0
DA:75,0
DA:78,0
DA:79,0
DA:80,0
DA:83,0
DA:84,0
DA:85,0
DA:89,0
DA:90,0
DA:91,0
DA:94,0
DA:95,0
DA:96,0
DA:100,0
DA:101,0
DA:102,0
DA:105,0
DA:106,0
DA:107,0
DA:111,0
DA:112,0
DA:113,0
DA:116,0
DA:117,0
DA:118,0
DA:122,0
DA:123,0
DA:124,0
DA:125,0
DA:127,0
DA:132,0
DA:136,0
DA:137,0
DA:138,0
DA:139,0
DA:143,0
DA:144,0
DA:147,0
DA:148,0
DA:151,0
DA:152,0
LF:75
LH:0
BRDA:23,0,0,0
BRDA:23,0,1,0
BRDA:28,1,0,0
BRDA:28,1,1,0
BRDA:57,2,0,0
BRDA:57,2,1,0
BRDA:124,3,0,0
BRDA:124,3,1,0
BRDA:138,4,0,0
BRDA:138,4,1,0
BRF:10
BRH:0
end_of_record
TN:
SF:src\utils\pagination.ts
FN:22,(anonymous_0)
FN:58,(anonymous_1)
FN:61,(anonymous_2)
FNF:3
FNH:0
FNDA:0,(anonymous_0)
FNDA:0,(anonymous_1)
FNDA:0,(anonymous_2)
DA:22,0
DA:27,0
DA:28,0
DA:29,0
DA:30,0
DA:32,0
DA:34,0
DA:43,0
DA:45,0
DA:58,0
DA:59,0
DA:61,0
DA:62,0
DA:63,0
DA:68,0
DA:69,0
DA:70,0
DA:71,0
DA:73,0
DA:74,0
DA:79,0
DA:80,0
DA:81,0
DA:88,0
LF:24
LH:0
BRDA:27,0,0,0
BRDA:27,0,1,0
BRDA:28,1,0,0
BRDA:28,1,1,0
BRDA:29,2,0,0
BRDA:29,2,1,0
BRDA:30,3,0,0
BRDA:30,3,1,0
BRDA:62,4,0,0
BRDA:62,4,1,0
BRDA:68,5,0,0
BRDA:68,5,1,0
BRDA:68,6,0,0
BRDA:68,6,1,0
BRDA:70,7,0,0
BRDA:70,7,1,0
BRDA:73,8,0,0
BRDA:73,8,1,0
BRDA:79,9,0,0
BRDA:79,9,1,0
BRF:20
BRH:0
end_of_record
